<?xml version="1.0" encoding="UTF-8"?>
<testng-results total="0" passed="0" failed="0" skipped="0">
  <reporter-output>
  </reporter-output>
  <suite started-at="2022-06-08T08:32:15Z" name="Suite" finished-at="2022-06-08T08:32:18Z" duration-ms="2845">
    <groups>
    </groups>
    <test started-at="2022-06-08T08:32:15Z" name="Validating Login page" finished-at="2022-06-08T08:32:18Z" duration-ms="2845">
      <class name="Academy.validateLoginPage">
        <test-method is-config="true" signature="initialize()[pri:0, instance:Academy.validateLoginPage@49964d75]" started-at="2022-06-08T14:02:15Z" name="initialize" finished-at="2022-06-08T14:02:18Z" duration-ms="2836" status="PASS">
          <reporter-output>
          </reporter-output>
        </test-method> <!-- initialize -->
      </class> <!-- Academy.validateLoginPage -->
    </test> <!-- Validating Login page -->
  </suite> <!-- Suite -->
</testng-results>
